Copyright 1986-2018 Xilinx, Inc. All Rights Reserved.
----------------------------------------------------------------------------------------------------------------------------------------------------
| Tool Version     : Vivado v.2018.2 (win64) Build 2258646 Thu Jun 14 20:03:12 MDT 2018
| Date             : Mon Aug 13 21:15:21 2018
| Host             : DESKTOP-UU3IJDI running 64-bit major release  (build 9200)
| Command          : report_power -file Memorypath_power_routed.rpt -pb Memorypath_power_summary_routed.pb -rpx Memorypath_power_routed.rpx
| Design           : Memorypath
| Device           : xczu7ev-ffvc1156-2-e
| Design State     : routed
| Grade            : extended
| Process          : typical
| Characterization : Production
----------------------------------------------------------------------------------------------------------------------------------------------------

Power Report

Table of Contents
-----------------
1. Summary
1.1 On-Chip Components
1.2 Power Supply Summary
1.3 Confidence Level
2. Settings
2.1 Environment
2.2 Clock Constraints
3. Detailed Reports
3.1 By Hierarchy

1. Summary
----------

+--------------------------+--------------+
| Total On-Chip Power (W)  | 13.110       |
| Design Power Budget (W)  | Unspecified* |
| Power Budget Margin (W)  | NA           |
| Dynamic (W)              | 12.438       |
| Device Static (W)        | 0.673        |
| Effective TJA (C/W)      | 1.0          |
| Max Ambient (C)          | 87.3         |
| Junction Temperature (C) | 37.7         |
| Confidence Level         | Low          |
| Setting File             | ---          |
| Simulation Activity File | ---          |
| Design Nets Matched      | NA           |
+--------------------------+--------------+
* Specify Design Power Budget using, set_operating_conditions -design_power_budget <value in Watts>


1.1 On-Chip Components
----------------------

+----------------+-----------+----------+-----------+-----------------+
| On-Chip        | Power (W) | Used     | Available | Utilization (%) |
+----------------+-----------+----------+-----------+-----------------+
| CLB Logic      |     0.019 |       13 |       --- |             --- |
|   LUT as Logic |     0.018 |        4 |    230400 |           <0.01 |
|   BUFG         |     0.001 |        2 |        64 |            3.13 |
|   Others       |     0.000 |        3 |       --- |             --- |
| Signals        |     0.394 |       61 |       --- |             --- |
| Block RAM      |     0.078 |      0.5 |       312 |            0.16 |
| I/O            |    11.947 |       51 |       360 |           14.17 |
| Static Power   |     0.673 |          |           |                 |
| Total          |    13.110 |          |           |                 |
+----------------+-----------+----------+-----------+-----------------+


1.2 Power Supply Summary
------------------------

+-----------------+-------------+-----------+-------------+------------+
| Source          | Voltage (V) | Total (A) | Dynamic (A) | Static (A) |
+-----------------+-------------+-----------+-------------+------------+
| Vccint          |       0.850 |     0.915 |       0.693 |      0.222 |
| Vccint_io       |       0.850 |     0.109 |       0.034 |      0.075 |
| Vccbram         |       0.850 |     0.017 |       0.015 |      0.003 |
| Vccaux          |       1.800 |     0.143 |       0.000 |      0.143 |
| Vccaux_io       |       1.800 |     1.590 |       1.535 |      0.055 |
| Vcco33          |       3.300 |     0.000 |       0.000 |      0.000 |
| Vcco25          |       2.500 |     0.000 |       0.000 |      0.000 |
| Vcco18          |       1.800 |     5.025 |       5.025 |      0.000 |
| Vcco15          |       1.500 |     0.000 |       0.000 |      0.000 |
| Vcco135         |       1.350 |     0.000 |       0.000 |      0.000 |
| Vcco12          |       1.200 |     0.000 |       0.000 |      0.000 |
| Vcco10          |       1.000 |     0.000 |       0.000 |      0.000 |
| Vccadc          |       1.800 |     0.008 |       0.000 |      0.008 |
| VCC_PSINTFP     |       0.850 |     0.000 |       0.000 |      0.000 |
| VCC_PSINTLP     |       0.850 |     0.007 |       0.000 |      0.007 |
| VPS_MGTRAVCC    |       0.850 |     0.000 |       0.000 |      0.000 |
| VCC_PSINTFP_DDR |       0.850 |     0.000 |       0.000 |      0.000 |
| VCC_PSPLL       |       1.200 |     0.002 |       0.000 |      0.002 |
| VPS_MGTRAVTT    |       1.800 |     0.000 |       0.000 |      0.000 |
| VCCO_PSDDR_504  |       1.200 |     0.000 |       0.000 |      0.000 |
| VCC_PSAUX       |       1.800 |     0.002 |       0.000 |      0.002 |
| VCC_PSBATT      |       1.200 |     0.000 |       0.000 |      0.000 |
| VCC_PSDDR_PLL   |       1.800 |     0.000 |       0.000 |      0.000 |
| VCCO_PSIO0_500  |       3.300 |     0.000 |       0.000 |      0.000 |
| VCCO_PSIO1_501  |       3.300 |     0.000 |       0.000 |      0.000 |
| VCCO_PSIO2_502  |       3.300 |     0.000 |       0.000 |      0.000 |
| VCCO_PSIO3_503  |       3.300 |     0.000 |       0.000 |      0.000 |
| VCC_PSADC       |       1.800 |     0.002 |       0.000 |      0.002 |
| VCCINT_VCU      |       0.900 |     0.036 |       0.000 |      0.036 |
| MGTAVcc         |       0.900 |     0.000 |       0.000 |      0.000 |
| MGTAVtt         |       1.200 |     0.000 |       0.000 |      0.000 |
| MGTVccaux       |       1.800 |     0.000 |       0.000 |      0.000 |
+-----------------+-------------+-----------+-------------+------------+


1.3 Confidence Level
--------------------

+-----------------------------+------------+--------------------------------------------------------+--------------------------------------------------------------------------------------------------------------------+
| User Input Data             | Confidence | Details                                                | Action                                                                                                             |
+-----------------------------+------------+--------------------------------------------------------+--------------------------------------------------------------------------------------------------------------------+
| Design implementation state | High       | Design is routed                                       |                                                                                                                    |
| Clock nodes activity        | Low        | User specified less than 75% of clocks                 | Provide missing clock activity with a constraint file, simulation results or by editing the "By Clock Domain" view |
| I/O nodes activity          | Low        | More than 75% of inputs are missing user specification | Provide missing input activity with simulation results or by editing the "By Resource Type -> I/Os" view           |
| Internal nodes activity     | Medium     | User specified less than 25% of internal nodes         | Provide missing internal nodes activity with simulation results or by editing the "By Resource Type" views         |
| Device models               | High       | Device models are Production                           |                                                                                                                    |
|                             |            |                                                        |                                                                                                                    |
| Overall confidence level    | Low        |                                                        |                                                                                                                    |
+-----------------------------+------------+--------------------------------------------------------+--------------------------------------------------------------------------------------------------------------------+


2. Settings
-----------

2.1 Environment
---------------

+-----------------------+--------------------------+
| Ambient Temp (C)      | 25.0                     |
| ThetaJA (C/W)         | 1.0                      |
| Airflow (LFM)         | 250                      |
| Heat Sink             | medium (Medium Profile)  |
| ThetaSA (C/W)         | 1.5                      |
| Board Selection       | medium (10"x10")         |
| # of Board Layers     | 12to15 (12 to 15 Layers) |
| Board Temperature (C) | 25.0                     |
+-----------------------+--------------------------+


2.2 Clock Constraints
---------------------

+-------+--------+-----------------+
| Clock | Domain | Constraint (ns) |
+-------+--------+-----------------+


3. Detailed Reports
-------------------

3.1 By Hierarchy
----------------

+------------------------+-----------+
| Name                   | Power (W) |
+------------------------+-----------+
| Memorypath             |    12.438 |
|   D_addr_IBUF[0]_inst  |     0.015 |
|   D_addr_IBUF[1]_inst  |     0.015 |
|   D_addr_IBUF[2]_inst  |     0.015 |
|   D_addr_IBUF[3]_inst  |     0.015 |
|   D_addr_IBUF[4]_inst  |     0.014 |
|   D_addr_IBUF[5]_inst  |     0.015 |
|   D_addr_IBUF[6]_inst  |     0.015 |
|   D_addr_IBUF[7]_inst  |     0.014 |
|   D_addr_sel_IBUF_inst |     0.006 |
|   D_rd_IBUF_inst       |     0.004 |
|   D_wr_IBUF_inst       |     0.004 |
|   MP1                  |     0.028 |
|   MP2                  |     0.304 |
|   PC_addr_IBUF[0]_inst |     0.006 |
|   PC_addr_IBUF[1]_inst |     0.007 |
|   PC_addr_IBUF[2]_inst |     0.006 |
|   PC_addr_IBUF[3]_inst |     0.007 |
|   PC_addr_IBUF[4]_inst |     0.005 |
|   PC_addr_IBUF[5]_inst |     0.006 |
|   PC_addr_IBUF[6]_inst |     0.007 |
|   PC_addr_IBUF[7]_inst |     0.006 |
|   W_data_IBUF[0]_inst  |     0.010 |
|   W_data_IBUF[10]_inst |     0.007 |
|   W_data_IBUF[11]_inst |     0.009 |
|   W_data_IBUF[12]_inst |     0.007 |
|   W_data_IBUF[13]_inst |     0.008 |
|   W_data_IBUF[14]_inst |     0.006 |
|   W_data_IBUF[15]_inst |     0.007 |
|   W_data_IBUF[1]_inst  |     0.010 |
|   W_data_IBUF[2]_inst  |     0.010 |
|   W_data_IBUF[3]_inst  |     0.009 |
|   W_data_IBUF[4]_inst  |     0.008 |
|   W_data_IBUF[5]_inst  |     0.011 |
|   W_data_IBUF[6]_inst  |     0.008 |
|   W_data_IBUF[7]_inst  |     0.009 |
|   W_data_IBUF[8]_inst  |     0.010 |
|   W_data_IBUF[9]_inst  |     0.008 |
+------------------------+-----------+


